  [1m[35m (0.1ms)[0m  [1m[34mSELECT sqlite_version(*)[0m
  [1m[35m (13.2ms)[0m  [1m[35mCREATE TABLE "schema_migrations" ("version" varchar NOT NULL PRIMARY KEY)[0m
  [1m[35m (13.6ms)[0m  [1m[35mCREATE TABLE "ar_internal_metadata" ("key" varchar NOT NULL PRIMARY KEY, "value" varchar, "created_at" datetime NOT NULL, "updated_at" datetime NOT NULL)[0m
  [1m[35m (0.1ms)[0m  [1m[34mSELECT "schema_migrations"."version" FROM "schema_migrations" ORDER BY "schema_migrations"."version" ASC[0m
Migrating to DeviseCreateUsers (20171223151516)
  [1m[35m (0.1ms)[0m  [1m[36mbegin transaction[0m
  [1m[35m (0.4ms)[0m  [1m[35mCREATE TABLE "users" ("id" INTEGER PRIMARY KEY AUTOINCREMENT NOT NULL, "email" varchar DEFAULT '' NOT NULL, "encrypted_password" varchar DEFAULT '' NOT NULL, "reset_password_token" varchar, "reset_password_sent_at" datetime, "remember_created_at" datetime, "sign_in_count" integer DEFAULT 0 NOT NULL, "current_sign_in_at" datetime, "last_sign_in_at" datetime, "current_sign_in_ip" varchar, "last_sign_in_ip" varchar, "created_at" datetime NOT NULL, "updated_at" datetime NOT NULL)[0m
  [1m[35m (0.5ms)[0m  [1m[35mCREATE UNIQUE INDEX "index_users_on_email" ON "users" ("email")[0m
  [1m[35m (0.1ms)[0m  [1m[34m            SELECT sql
            FROM sqlite_master
            WHERE name='index_users_on_email' AND type='index'
            UNION ALL
            SELECT sql
            FROM sqlite_temp_master
            WHERE name='index_users_on_email' AND type='index'
[0m
  [1m[35m (0.1ms)[0m  [1m[35mCREATE UNIQUE INDEX "index_users_on_reset_password_token" ON "users" ("reset_password_token")[0m
  [1m[35mSQL (0.1ms)[0m  [1m[32mINSERT INTO "schema_migrations" ("version") VALUES (?)[0m  [["version", "20171223151516"]]
  [1m[35m (13.8ms)[0m  [1m[36mcommit transaction[0m
Migrating to AddNameToUser (20180302113341)
  [1m[35m (0.1ms)[0m  [1m[36mbegin transaction[0m
  [1m[35m (0.3ms)[0m  [1m[35mALTER TABLE "users" ADD "name" varchar[0m
  [1m[35mSQL (0.1ms)[0m  [1m[32mINSERT INTO "schema_migrations" ("version") VALUES (?)[0m  [["version", "20180302113341"]]
  [1m[35m (13.3ms)[0m  [1m[36mcommit transaction[0m
Migrating to AddOmniauthToUsers (20180427133701)
  [1m[35m (0.1ms)[0m  [1m[36mbegin transaction[0m
  [1m[35m (0.4ms)[0m  [1m[35mALTER TABLE "users" ADD "provider" varchar[0m
  [1m[35m (0.2ms)[0m  [1m[35mALTER TABLE "users" ADD "uid" varchar[0m
  [1m[35m (0.2ms)[0m  [1m[35mALTER TABLE "users" ADD "image" varchar[0m
  [1m[35mSQL (0.1ms)[0m  [1m[32mINSERT INTO "schema_migrations" ("version") VALUES (?)[0m  [["version", "20180427133701"]]
  [1m[35m (11.7ms)[0m  [1m[36mcommit transaction[0m
Migrating to AddFieldsToUser (20180624023844)
  [1m[35m (0.1ms)[0m  [1m[36mbegin transaction[0m
  [1m[35m (0.3ms)[0m  [1m[35mALTER TABLE "users" ADD "website" varchar[0m
  [1m[35m (0.2ms)[0m  [1m[35mALTER TABLE "users" ADD "bio" text[0m
  [1m[35mSQL (0.1ms)[0m  [1m[32mINSERT INTO "schema_migrations" ("version") VALUES (?)[0m  [["version", "20180624023844"]]
  [1m[35m (12.1ms)[0m  [1m[36mcommit transaction[0m
Migrating to CreatePosts (20180624232616)
  [1m[35m (0.1ms)[0m  [1m[36mbegin transaction[0m
  [1m[35m (0.3ms)[0m  [1m[35mCREATE TABLE "posts" ("id" INTEGER PRIMARY KEY AUTOINCREMENT NOT NULL, "content" varchar, "user_id" integer, "created_at" datetime NOT NULL, "updated_at" datetime NOT NULL, CONSTRAINT "fk_rails_5b5ddfd518"
FOREIGN KEY ("user_id")
  REFERENCES "users" ("id")
)[0m
  [1m[35m (0.1ms)[0m  [1m[35mCREATE  INDEX "index_posts_on_user_id" ON "posts" ("user_id")[0m
  [1m[35mSQL (0.1ms)[0m  [1m[32mINSERT INTO "schema_migrations" ("version") VALUES (?)[0m  [["version", "20180624232616"]]
  [1m[35m (13.6ms)[0m  [1m[36mcommit transaction[0m
Migrating to CreatePhotos (20180624232643)
  [1m[35m (0.1ms)[0m  [1m[36mbegin transaction[0m
  [1m[35m (0.3ms)[0m  [1m[35mCREATE TABLE "photos" ("id" INTEGER PRIMARY KEY AUTOINCREMENT NOT NULL, "image" varchar, "post_id" integer, "created_at" datetime NOT NULL, "updated_at" datetime NOT NULL, CONSTRAINT "fk_rails_94f3e9b7c2"
FOREIGN KEY ("post_id")
  REFERENCES "posts" ("id")
)[0m
  [1m[35m (0.1ms)[0m  [1m[35mCREATE  INDEX "index_photos_on_post_id" ON "photos" ("post_id")[0m
  [1m[35mSQL (0.1ms)[0m  [1m[32mINSERT INTO "schema_migrations" ("version") VALUES (?)[0m  [["version", "20180624232643"]]
  [1m[35m (14.2ms)[0m  [1m[36mcommit transaction[0m
Migrating to CreateLikes (20180629230509)
  [1m[35m (0.1ms)[0m  [1m[36mbegin transaction[0m
  [1m[35m (0.3ms)[0m  [1m[35mCREATE TABLE "likes" ("id" INTEGER PRIMARY KEY AUTOINCREMENT NOT NULL, "post_id" integer, "user_id" integer, "created_at" datetime NOT NULL, "updated_at" datetime NOT NULL, CONSTRAINT "fk_rails_87a8aac469"
FOREIGN KEY ("post_id")
  REFERENCES "posts" ("id")
, CONSTRAINT "fk_rails_1e09b5dabf"
FOREIGN KEY ("user_id")
  REFERENCES "users" ("id")
)[0m
  [1m[35m (0.2ms)[0m  [1m[35mCREATE  INDEX "index_likes_on_post_id" ON "likes" ("post_id")[0m
  [1m[35m (0.1ms)[0m  [1m[34m            SELECT sql
            FROM sqlite_master
            WHERE name='index_likes_on_post_id' AND type='index'
            UNION ALL
            SELECT sql
            FROM sqlite_temp_master
            WHERE name='index_likes_on_post_id' AND type='index'
[0m
  [1m[35m (0.1ms)[0m  [1m[35mCREATE  INDEX "index_likes_on_user_id" ON "likes" ("user_id")[0m
  [1m[35mSQL (0.1ms)[0m  [1m[32mINSERT INTO "schema_migrations" ("version") VALUES (?)[0m  [["version", "20180629230509"]]
  [1m[35m (13.7ms)[0m  [1m[36mcommit transaction[0m
Migrating to CreateComments (20180701005736)
  [1m[35m (0.1ms)[0m  [1m[36mbegin transaction[0m
  [1m[35m (0.3ms)[0m  [1m[35mCREATE TABLE "comments" ("id" INTEGER PRIMARY KEY AUTOINCREMENT NOT NULL, "content" text, "post_id" integer, "user_id" integer, "created_at" datetime NOT NULL, "updated_at" datetime NOT NULL, CONSTRAINT "fk_rails_2fd19c0db7"
FOREIGN KEY ("post_id")
  REFERENCES "posts" ("id")
, CONSTRAINT "fk_rails_03de2dc08c"
FOREIGN KEY ("user_id")
  REFERENCES "users" ("id")
)[0m
  [1m[35m (0.1ms)[0m  [1m[35mCREATE  INDEX "index_comments_on_post_id" ON "comments" ("post_id")[0m
  [1m[35m (0.1ms)[0m  [1m[34m            SELECT sql
            FROM sqlite_master
            WHERE name='index_comments_on_post_id' AND type='index'
            UNION ALL
            SELECT sql
            FROM sqlite_temp_master
            WHERE name='index_comments_on_post_id' AND type='index'
[0m
  [1m[35m (0.1ms)[0m  [1m[35mCREATE  INDEX "index_comments_on_user_id" ON "comments" ("user_id")[0m
  [1m[35mSQL (0.2ms)[0m  [1m[32mINSERT INTO "schema_migrations" ("version") VALUES (?)[0m  [["version", "20180701005736"]]
  [1m[35m (14.1ms)[0m  [1m[36mcommit transaction[0m
Migrating to CreateBookmarks (20180701234348)
  [1m[35m (0.1ms)[0m  [1m[36mbegin transaction[0m
  [1m[35m (0.4ms)[0m  [1m[35mCREATE TABLE "bookmarks" ("id" INTEGER PRIMARY KEY AUTOINCREMENT NOT NULL, "post_id" integer, "user_id" integer, "created_at" datetime NOT NULL, "updated_at" datetime NOT NULL, CONSTRAINT "fk_rails_d8b54790ff"
FOREIGN KEY ("post_id")
  REFERENCES "posts" ("id")
, CONSTRAINT "fk_rails_c1ff6fa4ac"
FOREIGN KEY ("user_id")
  REFERENCES "users" ("id")
)[0m
  [1m[35m (0.2ms)[0m  [1m[35mCREATE  INDEX "index_bookmarks_on_post_id" ON "bookmarks" ("post_id")[0m
  [1m[35m (0.1ms)[0m  [1m[34m            SELECT sql
            FROM sqlite_master
            WHERE name='index_bookmarks_on_post_id' AND type='index'
            UNION ALL
            SELECT sql
            FROM sqlite_temp_master
            WHERE name='index_bookmarks_on_post_id' AND type='index'
[0m
  [1m[35m (0.1ms)[0m  [1m[35mCREATE  INDEX "index_bookmarks_on_user_id" ON "bookmarks" ("user_id")[0m
  [1m[35mSQL (0.1ms)[0m  [1m[32mINSERT INTO "schema_migrations" ("version") VALUES (?)[0m  [["version", "20180701234348"]]
  [1m[35m (13.6ms)[0m  [1m[36mcommit transaction[0m
  [1m[36mActiveRecord::InternalMetadata Load (0.1ms)[0m  [1m[34mSELECT  "ar_internal_metadata".* FROM "ar_internal_metadata" WHERE "ar_internal_metadata"."key" = ? LIMIT ?[0m  [["key", "environment"], ["LIMIT", 1]]
  [1m[35m (0.1ms)[0m  [1m[36mbegin transaction[0m
  [1m[35mSQL (0.2ms)[0m  [1m[32mINSERT INTO "ar_internal_metadata" ("key", "value", "created_at", "updated_at") VALUES (?, ?, ?, ?)[0m  [["key", "environment"], ["value", "development"], ["created_at", "2018-12-18 15:19:31.444019"], ["updated_at", "2018-12-18 15:19:31.444019"]]
  [1m[35m (11.6ms)[0m  [1m[36mcommit transaction[0m
  [1m[35m (0.1ms)[0m  [1m[34mSELECT "schema_migrations"."version" FROM "schema_migrations" ORDER BY "schema_migrations"."version" ASC[0m
  [1m[35m (0.1ms)[0m  [1m[34m            SELECT sql
            FROM sqlite_master
            WHERE name='index_bookmarks_on_user_id' AND type='index'
            UNION ALL
            SELECT sql
            FROM sqlite_temp_master
            WHERE name='index_bookmarks_on_user_id' AND type='index'
[0m
  [1m[35m (0.1ms)[0m  [1m[34m            SELECT sql
            FROM sqlite_master
            WHERE name='index_bookmarks_on_post_id' AND type='index'
            UNION ALL
            SELECT sql
            FROM sqlite_temp_master
            WHERE name='index_bookmarks_on_post_id' AND type='index'
[0m
  [1m[35m (0.1ms)[0m  [1m[34m            SELECT sql
            FROM sqlite_master
            WHERE name='index_comments_on_user_id' AND type='index'
            UNION ALL
            SELECT sql
            FROM sqlite_temp_master
            WHERE name='index_comments_on_user_id' AND type='index'
[0m
  [1m[35m (0.1ms)[0m  [1m[34m            SELECT sql
            FROM sqlite_master
            WHERE name='index_comments_on_post_id' AND type='index'
            UNION ALL
            SELECT sql
            FROM sqlite_temp_master
            WHERE name='index_comments_on_post_id' AND type='index'
[0m
  [1m[35m (0.1ms)[0m  [1m[34m            SELECT sql
            FROM sqlite_master
            WHERE name='index_likes_on_user_id' AND type='index'
            UNION ALL
            SELECT sql
            FROM sqlite_temp_master
            WHERE name='index_likes_on_user_id' AND type='index'
[0m
  [1m[35m (0.1ms)[0m  [1m[34m            SELECT sql
            FROM sqlite_master
            WHERE name='index_likes_on_post_id' AND type='index'
            UNION ALL
            SELECT sql
            FROM sqlite_temp_master
            WHERE name='index_likes_on_post_id' AND type='index'
[0m
  [1m[35m (0.1ms)[0m  [1m[34m            SELECT sql
            FROM sqlite_master
            WHERE name='index_photos_on_post_id' AND type='index'
            UNION ALL
            SELECT sql
            FROM sqlite_temp_master
            WHERE name='index_photos_on_post_id' AND type='index'
[0m
  [1m[35m (0.1ms)[0m  [1m[34m            SELECT sql
            FROM sqlite_master
            WHERE name='index_posts_on_user_id' AND type='index'
            UNION ALL
            SELECT sql
            FROM sqlite_temp_master
            WHERE name='index_posts_on_user_id' AND type='index'
[0m
  [1m[35m (0.1ms)[0m  [1m[34m            SELECT sql
            FROM sqlite_master
            WHERE name='index_users_on_reset_password_token' AND type='index'
            UNION ALL
            SELECT sql
            FROM sqlite_temp_master
            WHERE name='index_users_on_reset_password_token' AND type='index'
[0m
  [1m[35m (0.1ms)[0m  [1m[34m            SELECT sql
            FROM sqlite_master
            WHERE name='index_users_on_email' AND type='index'
            UNION ALL
            SELECT sql
            FROM sqlite_temp_master
            WHERE name='index_users_on_email' AND type='index'
[0m
Started GET "/" for 127.0.0.1 at 2018-12-18 22:19:39 +0700
  [1m[35m (0.1ms)[0m  [1m[34mSELECT "schema_migrations"."version" FROM "schema_migrations" ORDER BY "schema_migrations"."version" ASC[0m
Processing by PostsController#index as HTML
  [1m[36mUser Load (0.2ms)[0m  [1m[34mSELECT  "users".* FROM "users" WHERE "users"."id" = ? ORDER BY "users"."id" ASC LIMIT ?[0m  [["id", 1], ["LIMIT", 1]]
Completed 401 Unauthorized in 12ms (ActiveRecord: 1.0ms)


Started GET "/login" for 127.0.0.1 at 2018-12-18 22:19:39 +0700
Processing by Devise::SessionsController#new as HTML
  Rendering devise/sessions/new.html.erb within layouts/application
  Rendered devise/shared/_dummy_phone.html.erb (5044.4ms)
  Rendered devise/shared/_links.html.erb (1.6ms)
  Rendered devise/sessions/new.html.erb within layouts/application (5061.9ms)
  Rendered shared/_footer.html.erb (0.3ms)
Completed 200 OK in 5318ms (Views: 5289.4ms | ActiveRecord: 0.0ms)


Started GET "/registration" for 127.0.0.1 at 2018-12-18 22:19:52 +0700
Processing by RegistrationsController#new as HTML
  Rendering devise/registrations/new.html.erb within layouts/application
  Rendered devise/shared/_dummy_phone.html.erb (6.4ms)
  Rendered shared/_devisemes.html.erb (0.4ms)
  Rendered devise/shared/_links.html.erb (1.8ms)
  Rendered devise/registrations/new.html.erb within layouts/application (12.0ms)
  Rendered shared/_footer.html.erb (0.5ms)
Completed 200 OK in 62ms (Views: 61.3ms | ActiveRecord: 0.0ms)


Started POST "/" for 127.0.0.1 at 2018-12-18 22:20:04 +0700
Processing by RegistrationsController#create as HTML
  Parameters: {"utf8"=>"✓", "authenticity_token"=>"uka3g2UtgX4Ts9c0RAEXS4K7FklQG/bdc+luZ2Nx+iHz1HzpLGDpyrEoElwaWItnDA911fVNL/HQVRpHx4G0xg==", "user"=>{"name"=>"haile", "email"=>"hai@123", "password"=>"[FILTERED]", "password_confirmation"=>"[FILTERED]"}, "commit"=>"Sign up"}
  [1m[35m (0.1ms)[0m  [1m[36mbegin transaction[0m
  [1m[36mUser Exists (0.2ms)[0m  [1m[34mSELECT  1 AS one FROM "users" WHERE "users"."email" = ? LIMIT ?[0m  [["email", "hai@123"], ["LIMIT", 1]]
  [1m[35mSQL (0.3ms)[0m  [1m[32mINSERT INTO "users" ("email", "encrypted_password", "created_at", "updated_at", "name") VALUES (?, ?, ?, ?, ?)[0m  [["email", "hai@123"], ["encrypted_password", "$2a$11$AogCL3xOPIGLv3F7FIx.oueFoGlh7DTqC3FidDFE5JvVGxV4XyKxG"], ["created_at", "2018-12-18 15:20:04.285335"], ["updated_at", "2018-12-18 15:20:04.285335"], ["name", "haile"]]
  [1m[35m (11.8ms)[0m  [1m[36mcommit transaction[0m
  [1m[35m (0.1ms)[0m  [1m[36mbegin transaction[0m
  [1m[35mSQL (0.2ms)[0m  [1m[33mUPDATE "users" SET "sign_in_count" = ?, "current_sign_in_at" = ?, "last_sign_in_at" = ?, "current_sign_in_ip" = ?, "last_sign_in_ip" = ?, "updated_at" = ? WHERE "users"."id" = ?[0m  [["sign_in_count", 1], ["current_sign_in_at", "2018-12-18 15:20:04.300267"], ["last_sign_in_at", "2018-12-18 15:20:04.300267"], ["current_sign_in_ip", "127.0.0.1"], ["last_sign_in_ip", "127.0.0.1"], ["updated_at", "2018-12-18 15:20:04.300739"], ["id", 1]]
  [1m[35m (11.5ms)[0m  [1m[36mcommit transaction[0m
Redirected to http://localhost:3000/
Completed 302 Found in 212ms (ActiveRecord: 24.2ms)


Started GET "/" for 127.0.0.1 at 2018-12-18 22:20:04 +0700
Processing by PostsController#index as HTML
  [1m[36mUser Load (0.2ms)[0m  [1m[34mSELECT  "users".* FROM "users" WHERE "users"."id" = ? ORDER BY "users"."id" ASC LIMIT ?[0m  [["id", 1], ["LIMIT", 1]]
  Rendering posts/index.html.erb within layouts/application
  [1m[36mPost Load (0.6ms)[0m  [1m[34mSELECT  "posts".* FROM "posts" ORDER BY created_at desc LIMIT ? OFFSET ?[0m  [["LIMIT", 5], ["OFFSET", 0]]
  Rendered posts/_posts_list.html.erb (4.6ms)
  Rendered posts/index.html.erb within layouts/application (7.8ms)
  Rendered shared/_navbar.html.erb (1.5ms)
  Rendered shared/_footer.html.erb (0.2ms)
Completed 200 OK in 97ms (Views: 84.0ms | ActiveRecord: 1.3ms)


Started POST "/posts" for 127.0.0.1 at 2018-12-18 22:20:08 +0700
Processing by PostsController#create as JSON
  Parameters: {"utf8"=>"✓", "authenticity_token"=>"ypyZKMQegnLqM1Bpywb5CkqftWsn0tDqrAMLOe+1QZaDDlJCjVPqxkiolQGVX2UmxCvW94KECcYPv38ZS0UPcQ==", "post"=>{"content"=>""}, "commit"=>"Post", "images"=>{"0"=>#<ActionDispatch::Http::UploadedFile:0x00007f249b8116b0 @tempfile=#<Tempfile:/tmp/RackMultipart20181218-22489-1dt0xer.png>, @original_filename="34481838_1017153758440563_5531132224650346496_n.png", @content_type="image/png", @headers="Content-Disposition: form-data; name=\"images[0]\"; filename=\"34481838_1017153758440563_5531132224650346496_n.png\"\r\nContent-Type: image/png\r\n">}}
  [1m[36mUser Load (0.3ms)[0m  [1m[34mSELECT  "users".* FROM "users" WHERE "users"."id" = ? ORDER BY "users"."id" ASC LIMIT ?[0m  [["id", 1], ["LIMIT", 1]]
  [1m[35m (0.1ms)[0m  [1m[36mbegin transaction[0m
  [1m[35mSQL (0.7ms)[0m  [1m[32mINSERT INTO "posts" ("content", "user_id", "created_at", "updated_at") VALUES (?, ?, ?, ?)[0m  [["content", ""], ["user_id", 1], ["created_at", "2018-12-18 15:20:08.308250"], ["updated_at", "2018-12-18 15:20:08.308250"]]
  [1m[35m (13.4ms)[0m  [1m[36mcommit transaction[0m
  [1m[35m (0.1ms)[0m  [1m[36mbegin transaction[0m
  [1m[35mSQL (0.3ms)[0m  [1m[32mINSERT INTO "photos" ("image", "post_id", "created_at", "updated_at") VALUES (?, ?, ?, ?)[0m  [["image", "n7mxemv8n5gsdvbu76f9.png"], ["post_id", 1], ["created_at", "2018-12-18 15:20:08.357162"], ["updated_at", "2018-12-18 15:20:08.357162"]]
  [1m[35mSQL (0.4ms)[0m  [1m[33mUPDATE "photos" SET "image" = 'image/upload/v1545146410/n7mxemv8n5gsdvbu76f9.png' WHERE "photos"."id" = ?[0m  [["id", 1]]
  [1m[35m (14.0ms)[0m  [1m[36mcommit transaction[0m
Redirected to http://localhost:3000/posts
Completed 200 OK in 2857ms (ActiveRecord: 29.6ms)


Started GET "/" for 127.0.0.1 at 2018-12-18 22:20:11 +0700
Processing by PostsController#index as HTML
  [1m[36mUser Load (0.6ms)[0m  [1m[34mSELECT  "users".* FROM "users" WHERE "users"."id" = ? ORDER BY "users"."id" ASC LIMIT ?[0m  [["id", 1], ["LIMIT", 1]]
  Rendering posts/index.html.erb within layouts/application
  [1m[36mPost Load (0.2ms)[0m  [1m[34mSELECT  "posts".* FROM "posts" ORDER BY created_at desc LIMIT ? OFFSET ?[0m  [["LIMIT", 5], ["OFFSET", 0]]
  [1m[36mPhoto Load (0.2ms)[0m  [1m[34mSELECT "photos".* FROM "photos" WHERE "photos"."post_id" = 1[0m
  [1m[36mUser Load (0.2ms)[0m  [1m[34mSELECT "users".* FROM "users" WHERE "users"."id" = 1[0m
  [1m[36mLike Load (0.1ms)[0m  [1m[34mSELECT "likes".* FROM "likes" WHERE "likes"."post_id" = 1 ORDER BY "likes"."created_at" DESC[0m
  [1m[36mPost Load (0.2ms)[0m  [1m[34mSELECT  "posts".* FROM "posts" WHERE "posts"."user_id" = ? AND "posts"."id" = ? LIMIT ?[0m  [["user_id", 1], ["id", 1], ["LIMIT", 1]]
  Rendered posts/_photos.html.erb (3.4ms)
  [1m[36mLike Load (0.2ms)[0m  [1m[34mSELECT  "likes".* FROM "likes" WHERE "likes"."user_id" = ? AND "likes"."post_id" = ? LIMIT ?[0m  [["user_id", 1], ["post_id", 1], ["LIMIT", 1]]
  Rendered posts/_like_icon.html.erb (1.6ms)
  [1m[36mBookmark Load (0.1ms)[0m  [1m[34mSELECT  "bookmarks".* FROM "bookmarks" WHERE "bookmarks"."user_id" = ? AND "bookmarks"."post_id" = ? LIMIT ?[0m  [["user_id", 1], ["post_id", 1], ["LIMIT", 1]]
  Rendered posts/_bookmark_icon.html.erb (0.5ms)
  Rendered posts/_like_text.html.erb (0.4ms)
  [1m[36mComment Load (0.2ms)[0m  [1m[34mSELECT "comments".* FROM "comments" WHERE "comments"."post_id" = ? ORDER BY "comments"."created_at" DESC[0m  [["post_id", 1]]
  Rendered posts/_comment_list.html.erb (5.1ms)
  Rendered posts/_comment_form.html.erb (8.3ms)
  Rendered posts/_posts_list.html.erb (47.4ms)
  Rendered posts/index.html.erb within layouts/application (49.8ms)
  Rendered shared/_navbar.html.erb (2.2ms)
  Rendered shared/_footer.html.erb (0.3ms)
Completed 200 OK in 103ms (Views: 95.4ms | ActiveRecord: 3.3ms)


Started POST "/posts/1/likes" for 127.0.0.1 at 2018-12-18 22:21:35 +0700
Processing by LikesController#create as JS
  Parameters: {"post_id"=>"1"}
  [1m[36mUser Load (0.4ms)[0m  [1m[34mSELECT  "users".* FROM "users" WHERE "users"."id" = ? ORDER BY "users"."id" ASC LIMIT ?[0m  [["id", 1], ["LIMIT", 1]]
  [1m[36mPost Load (0.2ms)[0m  [1m[34mSELECT  "posts".* FROM "posts" WHERE "posts"."id" = ? LIMIT ?[0m  [["id", 1], ["LIMIT", 1]]
  [1m[35m (0.0ms)[0m  [1m[36mbegin transaction[0m
  [1m[36mLike Exists (0.2ms)[0m  [1m[34mSELECT  1 AS one FROM "likes" WHERE "likes"."user_id" = ? AND "likes"."post_id" = ? LIMIT ?[0m  [["user_id", 1], ["post_id", 1], ["LIMIT", 1]]
  [1m[35mSQL (0.2ms)[0m  [1m[32mINSERT INTO "likes" ("post_id", "user_id", "created_at", "updated_at") VALUES (?, ?, ?, ?)[0m  [["post_id", 1], ["user_id", 1], ["created_at", "2018-12-18 15:21:35.551433"], ["updated_at", "2018-12-18 15:21:35.551433"]]
  [1m[35m (13.5ms)[0m  [1m[36mcommit transaction[0m
  Rendering likes/create.js.erb
  [1m[36mLike Load (0.4ms)[0m  [1m[34mSELECT "likes".* FROM "likes" WHERE "likes"."post_id" = ? ORDER BY "likes"."created_at" DESC[0m  [["post_id", 1]]
  [1m[36mUser Load (0.4ms)[0m  [1m[34mSELECT  "users".* FROM "users" WHERE "users"."id" = ? LIMIT ?[0m  [["id", 1], ["LIMIT", 1]]
  Rendered posts/_like_text.html.erb (9.3ms)
  Rendered likes/create.js.erb (13.9ms)
Completed 200 OK in 52ms (Views: 17.5ms | ActiveRecord: 16.7ms)


Started POST "/posts/1/bookmarks" for 127.0.0.1 at 2018-12-18 22:21:37 +0700
Processing by BookmarksController#create as JS
  Parameters: {"post_id"=>"1"}
  [1m[36mUser Load (0.2ms)[0m  [1m[34mSELECT  "users".* FROM "users" WHERE "users"."id" = ? ORDER BY "users"."id" ASC LIMIT ?[0m  [["id", 1], ["LIMIT", 1]]
  [1m[35m (0.1ms)[0m  [1m[36mbegin transaction[0m
  [1m[36mPost Load (0.1ms)[0m  [1m[34mSELECT  "posts".* FROM "posts" WHERE "posts"."id" = ? LIMIT ?[0m  [["id", 1], ["LIMIT", 1]]
  [1m[35mSQL (0.3ms)[0m  [1m[32mINSERT INTO "bookmarks" ("post_id", "user_id", "created_at", "updated_at") VALUES (?, ?, ?, ?)[0m  [["post_id", 1], ["user_id", 1], ["created_at", "2018-12-18 15:21:37.147281"], ["updated_at", "2018-12-18 15:21:37.147281"]]
  [1m[35m (22.7ms)[0m  [1m[36mcommit transaction[0m
  Rendering bookmarks/create.js.erb
  Rendered posts/_bookmark_icon.html.erb (0.6ms)
  Rendered bookmarks/create.js.erb (1.7ms)
Completed 200 OK in 42ms (Views: 4.4ms | ActiveRecord: 23.8ms)


Started GET "/" for 127.0.0.1 at 2018-12-19 21:53:34 +0700
  [1m[35m (0.2ms)[0m  [1m[34mSELECT "schema_migrations"."version" FROM "schema_migrations" ORDER BY "schema_migrations"."version" ASC[0m
Processing by PostsController#index as HTML
Completed 401 Unauthorized in 6ms (ActiveRecord: 0.0ms)


Started GET "/login" for 127.0.0.1 at 2018-12-19 21:53:34 +0700
Processing by Devise::SessionsController#new as HTML
  Rendering devise/sessions/new.html.erb within layouts/application
  Rendered devise/shared/_dummy_phone.html.erb (340.2ms)
  Rendered devise/shared/_links.html.erb (2.5ms)
  Rendered devise/sessions/new.html.erb within layouts/application (356.7ms)
  Rendered shared/_footer.html.erb (0.5ms)
Completed 200 OK in 515ms (Views: 479.0ms | ActiveRecord: 1.2ms)


Started POST "/login" for 127.0.0.1 at 2018-12-19 21:53:39 +0700
Processing by Devise::SessionsController#create as HTML
  Parameters: {"utf8"=>"✓", "authenticity_token"=>"LnL7rDBvMSLwd8gAeZ/ByjnkKl3Td8ITJuD6quSUDAZMVzwZ3Z/U/btTLSZxl9tFn/+DNmcB7b8j6qfioPZq1w==", "user"=>{"email"=>"hai@123", "password"=>"[FILTERED]", "remember_me"=>"0"}, "commit"=>"Log in"}
  [1m[36mUser Load (0.4ms)[0m  [1m[34mSELECT  "users".* FROM "users" WHERE "users"."email" = ? ORDER BY "users"."id" ASC LIMIT ?[0m  [["email", "hai@123"], ["LIMIT", 1]]
  [1m[35m (0.1ms)[0m  [1m[36mbegin transaction[0m
  [1m[35mSQL (0.9ms)[0m  [1m[33mUPDATE "users" SET "current_sign_in_at" = ?, "sign_in_count" = ?, "updated_at" = ? WHERE "users"."id" = ?[0m  [["current_sign_in_at", "2018-12-19 14:53:39.979878"], ["sign_in_count", 2], ["updated_at", "2018-12-19 14:53:39.980918"], ["id", 1]]
  [1m[35m (13.7ms)[0m  [1m[36mcommit transaction[0m
Redirected to http://localhost:3000/
Completed 302 Found in 207ms (ActiveRecord: 15.1ms)


Started GET "/" for 127.0.0.1 at 2018-12-19 21:53:40 +0700
Processing by PostsController#index as HTML
  [1m[36mUser Load (0.3ms)[0m  [1m[34mSELECT  "users".* FROM "users" WHERE "users"."id" = ? ORDER BY "users"."id" ASC LIMIT ?[0m  [["id", 1], ["LIMIT", 1]]
  Rendering posts/index.html.erb within layouts/application
  [1m[36mPost Load (0.4ms)[0m  [1m[34mSELECT  "posts".* FROM "posts" ORDER BY created_at desc LIMIT ? OFFSET ?[0m  [["LIMIT", 5], ["OFFSET", 0]]
  [1m[36mPhoto Load (0.1ms)[0m  [1m[34mSELECT "photos".* FROM "photos" WHERE "photos"."post_id" = 1[0m
  [1m[36mUser Load (0.2ms)[0m  [1m[34mSELECT "users".* FROM "users" WHERE "users"."id" = 1[0m
  [1m[36mLike Load (0.1ms)[0m  [1m[34mSELECT "likes".* FROM "likes" WHERE "likes"."post_id" = 1 ORDER BY "likes"."created_at" DESC[0m
  [1m[36mPost Load (0.2ms)[0m  [1m[34mSELECT  "posts".* FROM "posts" WHERE "posts"."user_id" = ? AND "posts"."id" = ? LIMIT ?[0m  [["user_id", 1], ["id", 1], ["LIMIT", 1]]
  Rendered posts/_photos.html.erb (23.2ms)
  [1m[36mLike Load (0.3ms)[0m  [1m[34mSELECT  "likes".* FROM "likes" WHERE "likes"."user_id" = ? AND "likes"."post_id" = ? LIMIT ?[0m  [["user_id", 1], ["post_id", 1], ["LIMIT", 1]]
  Rendered posts/_like_icon.html.erb (0.8ms)
  [1m[36mBookmark Load (0.2ms)[0m  [1m[34mSELECT  "bookmarks".* FROM "bookmarks" WHERE "bookmarks"."user_id" = ? AND "bookmarks"."post_id" = ? LIMIT ?[0m  [["user_id", 1], ["post_id", 1], ["LIMIT", 1]]
  Rendered posts/_bookmark_icon.html.erb (0.7ms)
  [1m[36mUser Load (0.3ms)[0m  [1m[34mSELECT  "users".* FROM "users" WHERE "users"."id" = ? LIMIT ?[0m  [["id", 1], ["LIMIT", 1]]
  Rendered posts/_like_text.html.erb (3.9ms)
  [1m[36mComment Load (0.2ms)[0m  [1m[34mSELECT "comments".* FROM "comments" WHERE "comments"."post_id" = ? ORDER BY "comments"."created_at" DESC[0m  [["post_id", 1]]
  Rendered posts/_comment_list.html.erb (6.0ms)
  Rendered posts/_comment_form.html.erb (31.3ms)
  Rendered posts/_posts_list.html.erb (146.1ms)
  Rendered posts/index.html.erb within layouts/application (148.7ms)
  Rendered shared/_navbar.html.erb (0.8ms)
  Rendered shared/_footer.html.erb (0.2ms)
Completed 200 OK in 221ms (Views: 198.4ms | ActiveRecord: 5.9ms)


Started POST "/posts" for 127.0.0.1 at 2018-12-19 21:53:44 +0700
Processing by PostsController#create as JSON
  Parameters: {"utf8"=>"✓", "authenticity_token"=>"7i6GvIGdNUtviAtBXFnzRUL4VEj3Pk4tjLxjcYl2PF5zM4TslhWlKoUtv5jFfqF6pMJpMMlWEgPhwWlef4fSuA==", "post"=>{"content"=>""}, "commit"=>"Post", "images"=>{"0"=>#<ActionDispatch::Http::UploadedFile:0x00007ff4665cfe88 @tempfile=#<Tempfile:/tmp/RackMultipart20181219-17929-wm2uj0.png>, @original_filename="dien nuoc 10-11.png", @content_type="image/png", @headers="Content-Disposition: form-data; name=\"images[0]\"; filename=\"dien nuoc 10-11.png\"\r\nContent-Type: image/png\r\n">}}
  [1m[36mUser Load (0.3ms)[0m  [1m[34mSELECT  "users".* FROM "users" WHERE "users"."id" = ? ORDER BY "users"."id" ASC LIMIT ?[0m  [["id", 1], ["LIMIT", 1]]
  [1m[35m (0.1ms)[0m  [1m[36mbegin transaction[0m
  [1m[35mSQL (0.3ms)[0m  [1m[32mINSERT INTO "posts" ("content", "user_id", "created_at", "updated_at") VALUES (?, ?, ?, ?)[0m  [["content", ""], ["user_id", 1], ["created_at", "2018-12-19 14:53:44.297208"], ["updated_at", "2018-12-19 14:53:44.297208"]]
  [1m[35m (15.4ms)[0m  [1m[36mcommit transaction[0m
  [1m[35m (0.1ms)[0m  [1m[36mbegin transaction[0m
  [1m[35mSQL (0.7ms)[0m  [1m[32mINSERT INTO "photos" ("image", "post_id", "created_at", "updated_at") VALUES (?, ?, ?, ?)[0m  [["image", "c6mhsqtg0wdguvpmn0fi.png"], ["post_id", 2], ["created_at", "2018-12-19 14:53:44.321405"], ["updated_at", "2018-12-19 14:53:44.321405"]]
  [1m[35mSQL (0.2ms)[0m  [1m[33mUPDATE "photos" SET "image" = 'image/upload/v1545231228/c6mhsqtg0wdguvpmn0fi.png' WHERE "photos"."id" = ?[0m  [["id", 2]]
  [1m[35m (14.1ms)[0m  [1m[36mcommit transaction[0m
Redirected to http://localhost:3000/posts
Completed 200 OK in 4451ms (ActiveRecord: 31.2ms)


Started GET "/" for 127.0.0.1 at 2018-12-19 21:53:48 +0700
Processing by PostsController#index as HTML
  [1m[36mUser Load (0.2ms)[0m  [1m[34mSELECT  "users".* FROM "users" WHERE "users"."id" = ? ORDER BY "users"."id" ASC LIMIT ?[0m  [["id", 1], ["LIMIT", 1]]
  Rendering posts/index.html.erb within layouts/application
  [1m[36mPost Load (0.4ms)[0m  [1m[34mSELECT  "posts".* FROM "posts" ORDER BY created_at desc LIMIT ? OFFSET ?[0m  [["LIMIT", 5], ["OFFSET", 0]]
  [1m[36mPhoto Load (0.2ms)[0m  [1m[34mSELECT "photos".* FROM "photos" WHERE "photos"."post_id" IN (2, 1)[0m
  [1m[36mUser Load (0.3ms)[0m  [1m[34mSELECT "users".* FROM "users" WHERE "users"."id" = 1[0m
  [1m[36mLike Load (1.0ms)[0m  [1m[34mSELECT "likes".* FROM "likes" WHERE "likes"."post_id" IN (2, 1) ORDER BY "likes"."created_at" DESC[0m
  [1m[36mPost Load (0.3ms)[0m  [1m[34mSELECT  "posts".* FROM "posts" WHERE "posts"."user_id" = ? AND "posts"."id" = ? LIMIT ?[0m  [["user_id", 1], ["id", 2], ["LIMIT", 1]]
  Rendered posts/_photos.html.erb (8.6ms)
  [1m[36mLike Load (0.2ms)[0m  [1m[34mSELECT  "likes".* FROM "likes" WHERE "likes"."user_id" = ? AND "likes"."post_id" = ? LIMIT ?[0m  [["user_id", 1], ["post_id", 2], ["LIMIT", 1]]
  Rendered posts/_like_icon.html.erb (1.5ms)
  [1m[36mBookmark Load (0.3ms)[0m  [1m[34mSELECT  "bookmarks".* FROM "bookmarks" WHERE "bookmarks"."user_id" = ? AND "bookmarks"."post_id" = ? LIMIT ?[0m  [["user_id", 1], ["post_id", 2], ["LIMIT", 1]]
  Rendered posts/_bookmark_icon.html.erb (0.6ms)
  Rendered posts/_like_text.html.erb (0.8ms)
  [1m[36mComment Load (0.2ms)[0m  [1m[34mSELECT "comments".* FROM "comments" WHERE "comments"."post_id" = ? ORDER BY "comments"."created_at" DESC[0m  [["post_id", 2]]
  Rendered posts/_comment_list.html.erb (2.1ms)
  Rendered posts/_comment_form.html.erb (1.5ms)
  [1m[36mPost Load (0.1ms)[0m  [1m[34mSELECT  "posts".* FROM "posts" WHERE "posts"."user_id" = ? AND "posts"."id" = ? LIMIT ?[0m  [["user_id", 1], ["id", 1], ["LIMIT", 1]]
  Rendered posts/_photos.html.erb (1.1ms)
  [1m[36mLike Load (0.1ms)[0m  [1m[34mSELECT  "likes".* FROM "likes" WHERE "likes"."user_id" = ? AND "likes"."post_id" = ? LIMIT ?[0m  [["user_id", 1], ["post_id", 1], ["LIMIT", 1]]
  Rendered posts/_like_icon.html.erb (0.2ms)
  [1m[36mBookmark Load (0.1ms)[0m  [1m[34mSELECT  "bookmarks".* FROM "bookmarks" WHERE "bookmarks"."user_id" = ? AND "bookmarks"."post_id" = ? LIMIT ?[0m  [["user_id", 1], ["post_id", 1], ["LIMIT", 1]]
  Rendered posts/_bookmark_icon.html.erb (0.1ms)
  [1m[36mUser Load (0.1ms)[0m  [1m[34mSELECT  "users".* FROM "users" WHERE "users"."id" = ? LIMIT ?[0m  [["id", 1], ["LIMIT", 1]]
  Rendered posts/_like_text.html.erb (1.1ms)
  [1m[36mComment Load (0.2ms)[0m  [1m[34mSELECT "comments".* FROM "comments" WHERE "comments"."post_id" = ? ORDER BY "comments"."created_at" DESC[0m  [["post_id", 1]]
  Rendered posts/_comment_list.html.erb (1.6ms)
  Rendered posts/_comment_form.html.erb (1.0ms)
  Rendered posts/_posts_list.html.erb (46.7ms)
  Rendered posts/index.html.erb within layouts/application (53.8ms)
  Rendered shared/_navbar.html.erb (1.7ms)
  Rendered shared/_footer.html.erb (0.3ms)
Completed 200 OK in 135ms (Views: 126.4ms | ActiveRecord: 3.6ms)


